<?xml version="1.0" encoding="utf-8"?><testsuites name="pytest tests"><testsuite name="pytest" errors="0" failures="0" skipped="0" tests="6" time="2.597" timestamp="2026-07-31T10:07:25.092196+00:00" hostname="agent-env-45fdce0f-8e38-43e3-b01d-e0feb7b37d08"><testcase classname="tests.backend_test" name="test_root" time="0.256" /><testcase classname="tests.backend_test" name="test_contact_create_and_list" time="0.118" /><testcase classname="tests.backend_test" name="test_newsletter_new_and_duplicate" time="0.108" /><testcase classname="tests.backend_test" name="test_checkout_ticket_hotc" time="1.038" /><testcase classname="tests.backend_test" name="test_checkout_donation_50" time="0.530" /><testcase classname="tests.backend_test" name="test_checkout_invalid_lookup" time="0.127" /></testsuite></testsuites>